<?xml version="1.0" encoding="UTF-8"?>
<!-- Generated by org.testng.reporters.JUnitReportReporter -->
<testsuite skipped="0" hostname="SIT-PC" name="com.qa.tests.ApiTests" tests="1" failures="0" timestamp="14 Jan 2018 08:04:32 GMT" time="31.986" errors="0">
  <testcase name="apiTest" time="31.986" classname="com.qa.tests.ApiTests"/>
</testsuite> <!-- com.qa.tests.ApiTests -->
