<?xml version="1.0" encoding="UTF-8"?>
<!-- Generated by org.testng.reporters.JUnitReportReporter -->
<testsuite skipped="0" hostname="SIT-PC" name="com.qa.tests.ApiTests" tests="2" failures="0" timestamp="14 Jan 2018 15:02:45 GMT" time="2.752" errors="0">
  <testcase name="getResponseWithoutHeaders" time="1.845" classname="com.qa.tests.ApiTests"/>
  <testcase name="getResponseWithHeaders" time="0.907" classname="com.qa.tests.ApiTests"/>
</testsuite> <!-- com.qa.tests.ApiTests -->
